0 info it worked if it ends with ok
1 verbose cli [ 'node', '/usr/local/bin/npm', 'publish', '.' ]
2 info using npm@2.7.0
3 info using node@v1.5.1
4 verbose node symlink /usr/local/bin/node
5 verbose publish [ '.' ]
6 verbose stack Error: Failed to parse json
6 verbose stack Unexpected token ]
6 verbose stack     at parseError (/usr/local/lib/node_modules/npm/node_modules/read-package-json/read-json.js:405:25)
6 verbose stack     at parseJson (/usr/local/lib/node_modules/npm/node_modules/read-package-json/read-json.js:85:51)
6 verbose stack     at /usr/local/lib/node_modules/npm/node_modules/read-package-json/read-json.js:59:33
6 verbose stack     at FSReqWrap.readFileAfterClose [as oncomplete] (evalmachine.<anonymous>:379:3)
7 verbose cwd /Users/pz/Projects/nylira-gallerify
8 error Darwin 14.1.0
9 error argv "node" "/usr/local/bin/npm" "publish" "."
10 error node v1.5.1
11 error npm  v2.7.0
12 error file /Users/pz/Projects/nylira-gallerify/package.json
13 error code EJSONPARSE
14 error Failed to parse json
14 error Unexpected token ]
15 error File: /Users/pz/Projects/nylira-gallerify/package.json
16 error Failed to parse package.json data.
16 error package.json must be actual JSON, not just JavaScript.
16 error
16 error This is not a bug in npm.
16 error Tell the package author to fix their package.json file. JSON.parse
17 verbose exit [ 1, true ]
